This is pdfTeX, Version 3.14159265-2.6-1.40.17 (TeX Live 2016) (preloaded format=pdflatex 2016.8.16)  3 DEC 2016 18:21
entering extended mode
 restricted \write18 enabled.
 %&-line parsing enabled.
**cv
(./cv.tex
LaTeX2e <2016/03/31>
Babel <3.9r> and hyphenation patterns for 83 language(s) loaded.
(/usr/local/texlive/2016/texmf-dist/tex/latex/koma-script/scrartcl.cls
Document Class: scrartcl 2016/05/10 v3.20 KOMA-Script document class (article)
(/usr/local/texlive/2016/texmf-dist/tex/latex/koma-script/scrkbase.sty
Package: scrkbase 2016/05/10 v3.20 KOMA-Script package (KOMA-Script-dependent b
asics and keyval usage)

(/usr/local/texlive/2016/texmf-dist/tex/latex/koma-script/scrbase.sty
Package: scrbase 2016/05/10 v3.20 KOMA-Script package (KOMA-Script-independent 
basics and keyval usage)

(/usr/local/texlive/2016/texmf-dist/tex/latex/graphics/keyval.sty
Package: keyval 2014/10/28 v1.15 key=value parser (DPC)
\KV@toks@=\toks14
)
(/usr/local/texlive/2016/texmf-dist/tex/latex/koma-script/scrlfile.sty
Package: scrlfile 2016/05/10 v3.20 KOMA-Script package (loading files)

Package scrlfile, 2016/05/10 v3.20 KOMA-Script package (loading files)
                  Copyright (C) Markus Kohm

))) (/usr/local/texlive/2016/texmf-dist/tex/latex/koma-script/tocbasic.sty
Package: tocbasic 2016/05/10 v3.20 KOMA-Script package (handling toc-files)
\scr@dte@tocline@numberwidth=\skip41
\scr@dte@tocline@numbox=\box26
)
Package tocbasic Info: omitting babel extension for `toc'
(tocbasic)             because of feature `nobabel' available
(tocbasic)             for `toc' on input line 130.
Package tocbasic Info: omitting babel extension for `lof'
(tocbasic)             because of feature `nobabel' available
(tocbasic)             for `lof' on input line 131.
Package tocbasic Info: omitting babel extension for `lot'
(tocbasic)             because of feature `nobabel' available
(tocbasic)             for `lot' on input line 132.
Package scrartcl Info: You've used standard option `11pt'.
(scrartcl)             This is correct!
(scrartcl)             Internally I'm using `fontsize=11pt'.
(scrartcl)             If you'd like to set the option with \KOMAoptions,
(scrartcl)             you'd have to use `fontsize=11pt' there
(scrartcl)             instead of `11pt', too.
Class scrartcl Info: File `scrsize11pt.clo' used to setup font sizes on input l
ine 2051.

(/usr/local/texlive/2016/texmf-dist/tex/latex/koma-script/scrsize11pt.clo
File: scrsize11pt.clo 2016/05/10 v3.20 KOMA-Script font size class option (11pt
)
)
(/usr/local/texlive/2016/texmf-dist/tex/latex/koma-script/typearea.sty
Package: typearea 2016/05/10 v3.20 KOMA-Script package (type area)

Package typearea, 2016/05/10 v3.20 KOMA-Script package (type area)
                  Copyright (C) Frank Neukam, 1992-1994
                  Copyright (C) Markus Kohm, 1994-

\ta@bcor=\skip42
\ta@div=\count79
Package typearea Info: You've used standard option `a4paper'.
(typearea)             This is correct!
(typearea)             Internally I'm using `paper=a4'.
(typearea)             If you'd like to set the option with \KOMAoptions,
(typearea)             you'd have to use `paper=a4' there
(typearea)             instead of `a4paper', too.
\ta@hblk=\skip43
\ta@vblk=\skip44
\ta@temp=\skip45
\footheight=\skip46

Package typearea Warning: Bad type area settings!
(typearea)                The detected line width is about 22%
(typearea)                larger than the heuristically detected line width.
(typearea)                You should e.g. decrease DIV, increase fontsize
(typearea)                or change papersize.

Package typearea Info: These are the values describing the layout:
(typearea)             DIV  = 15
(typearea)             BCOR = 0.0pt
(typearea)             \paperwidth      = 597.50793pt
(typearea)              \textwidth      = 478.00635pt
(typearea)              DIV departure   = -22%
(typearea)              \evensidemargin = -12.5192pt
(typearea)              \oddsidemargin  = -12.5192pt
(typearea)             \paperheight     = 845.04694pt
(typearea)              \textheight     = 677.4003pt
(typearea)              \topmargin      = -53.33354pt
(typearea)              \headheight     = 17.0pt
(typearea)              \headsep        = 20.40001pt
(typearea)              \topskip        = 11.0pt
(typearea)              \footskip       = 47.6pt
(typearea)              \baselineskip   = 13.6pt
(typearea)              on input line 1528.
)
\c@part=\count80
\c@section=\count81
\c@subsection=\count82
\c@subsubsection=\count83
\c@paragraph=\count84
\c@subparagraph=\count85
\scr@dte@part@maxnumwidth=\skip47
\scr@dte@section@maxnumwidth=\skip48
\scr@dte@subsection@maxnumwidth=\skip49
\scr@dte@subsubsection@maxnumwidth=\skip50
\scr@dte@paragraph@maxnumwidth=\skip51
\scr@dte@subparagraph@maxnumwidth=\skip52
LaTeX Info: Redefining \textsubscript on input line 4025.
\abovecaptionskip=\skip53
\belowcaptionskip=\skip54
\c@pti@nb@sid@b@x=\box27
\c@figure=\count86
\c@table=\count87
Class scrartcl Info: Redefining `\numberline' on input line 5012.
\bibindent=\dimen102
) (/usr/local/texlive/2016/texmf-dist/tex/latex/koma-script/scrpage2.sty
Package: scrpage2 2016/05/10 v3.20 KOMA-Script package (page head and foot)
LaTeX Info: Redefining \pagemark on input line 174.
)
(/usr/local/texlive/2016/texmf-dist/tex/latex/biblatex/biblatex.sty
Package: biblatex 2016/05/14 v3.4 programmable bibliographies (PK/JW/AB)

(/usr/local/texlive/2016/texmf-dist/tex/generic/iftex/iftex.sty
Package: iftex 2013/04/04 v0.2 Provides if(tex) conditional for PDFTeX, XeTeX, 
and LuaTeX
)
(/usr/local/texlive/2016/texmf-dist/tex/generic/oberdiek/pdftexcmds.sty
Package: pdftexcmds 2016/05/10 v0.21 Utility functions of pdfTeX for LuaTeX (HO
)

(/usr/local/texlive/2016/texmf-dist/tex/generic/oberdiek/infwarerr.sty
Package: infwarerr 2016/05/16 v1.4 Providing info/warning/error messages (HO)
)
(/usr/local/texlive/2016/texmf-dist/tex/generic/oberdiek/ifluatex.sty
Package: ifluatex 2016/05/16 v1.4 Provides the ifluatex switch (HO)
Package ifluatex Info: LuaTeX not detected.
)
(/usr/local/texlive/2016/texmf-dist/tex/generic/oberdiek/ltxcmds.sty
Package: ltxcmds 2016/05/16 v1.23 LaTeX kernel commands for general use (HO)
)
(/usr/local/texlive/2016/texmf-dist/tex/generic/oberdiek/ifpdf.sty
Package: ifpdf 2016/05/14 v3.1 Provides the ifpdf switch
)
Package pdftexcmds Info: LuaTeX not detected.
Package pdftexcmds Info: \pdf@primitive is available.
Package pdftexcmds Info: \pdf@ifprimitive is available.
Package pdftexcmds Info: \pdfdraftmode found.
)
(/usr/local/texlive/2016/texmf-dist/tex/latex/etoolbox/etoolbox.sty
Package: etoolbox 2015/08/02 v2.2a e-TeX tools for LaTeX (JAW)
\etb@tempcnta=\count88
)
(/usr/local/texlive/2016/texmf-dist/tex/latex/oberdiek/kvoptions.sty
Package: kvoptions 2016/05/16 v3.12 Key value format for package options (HO)

(/usr/local/texlive/2016/texmf-dist/tex/generic/oberdiek/kvsetkeys.sty
Package: kvsetkeys 2016/05/16 v1.17 Key value parser (HO)

(/usr/local/texlive/2016/texmf-dist/tex/generic/oberdiek/etexcmds.sty
Package: etexcmds 2016/05/16 v1.6 Avoid name clashes with e-TeX commands (HO)
Package etexcmds Info: Could not find \expanded.
(etexcmds)             That can mean that you are not using pdfTeX 1.50 or
(etexcmds)             that some package has redefined \expanded.
(etexcmds)             In the latter case, load this package earlier.
)))
(/usr/local/texlive/2016/texmf-dist/tex/latex/logreq/logreq.sty
Package: logreq 2010/08/04 v1.0 xml request logger
\lrq@indent=\count89

(/usr/local/texlive/2016/texmf-dist/tex/latex/logreq/logreq.def
File: logreq.def 2010/08/04 v1.0 logreq spec v1.0
))
(/usr/local/texlive/2016/texmf-dist/tex/latex/base/ifthen.sty
Package: ifthen 2014/09/29 v1.1c Standard LaTeX ifthen package (DPC)
)
(/usr/local/texlive/2016/texmf-dist/tex/latex/url/url.sty
\Urlmuskip=\muskip10
Package: url 2013/09/16  ver 3.4  Verb mode for urls, etc.
)
(/usr/local/texlive/2016/texmf-dist/tex/generic/xstring/xstring.sty
(/usr/local/texlive/2016/texmf-dist/tex/generic/xstring/xstring.tex
\@xs@message=\write3
\integerpart=\count90
\decimalpart=\count91
)
Package: xstring 2013/10/13  v1.7c  String manipulations (C Tellechea)
)
\c@tabx@nest=\count92
\c@listtotal=\count93
\c@listcount=\count94
\c@liststart=\count95
\c@liststop=\count96
\c@citecount=\count97
\c@citetotal=\count98
\c@multicitecount=\count99
\c@multicitetotal=\count100
\c@instcount=\count101
\c@maxnames=\count102
\c@minnames=\count103
\c@maxitems=\count104
\c@minitems=\count105
\c@citecounter=\count106
\c@savedcitecounter=\count107
\c@uniquelist=\count108
\c@uniquename=\count109
\c@refsection=\count110
\c@refsegment=\count111
\c@maxextratitle=\count112
\c@maxextratitleyear=\count113
\c@maxextrayear=\count114
\c@maxextraalpha=\count115
\c@abbrvpenalty=\count116
\c@highnamepenalty=\count117
\c@lownamepenalty=\count118
\c@maxparens=\count119
\c@parenlevel=\count120
\blx@tempcnta=\count121
\blx@tempcntb=\count122
\blx@tempcntc=\count123
\blx@maxsection=\count124
\blx@maxsegment@0=\count125
\blx@notetype=\count126
\blx@parenlevel@text=\count127
\blx@parenlevel@foot=\count128
\blx@sectionciteorder@0=\count129
\labelnumberwidth=\skip55
\labelalphawidth=\skip56
\biblabelsep=\skip57
\bibitemsep=\skip58
\bibnamesep=\skip59
\bibinitsep=\skip60
\bibparsep=\skip61
\bibhang=\skip62
\blx@bcfin=\read1
\blx@bcfout=\write4
\c@mincomprange=\count130
\c@maxcomprange=\count131
\c@mincompwidth=\count132
Package biblatex Info: Trying to load biblatex default data model...
Package biblatex Info: ... file 'blx-dm.def' found.

(/usr/local/texlive/2016/texmf-dist/tex/latex/biblatex/blx-dm.def)
Package biblatex Info: Trying to load biblatex style data model...
Package biblatex Info: ... file 'phys.dbx' not found.
Package biblatex Info: Trying to load biblatex custom data model...
Package biblatex Info: ... file 'biblatex-dm.cfg' not found.
\c@afterword=\count133
\c@savedafterword=\count134
\c@annotator=\count135
\c@savedannotator=\count136
\c@author=\count137
\c@savedauthor=\count138
\c@bookauthor=\count139
\c@savedbookauthor=\count140
\c@commentator=\count141
\c@savedcommentator=\count142
\c@editor=\count143
\c@savededitor=\count144
\c@editora=\count145
\c@savededitora=\count146
\c@editorb=\count147
\c@savededitorb=\count148
\c@editorc=\count149
\c@savededitorc=\count150
\c@foreword=\count151
\c@savedforeword=\count152
\c@holder=\count153
\c@savedholder=\count154
\c@introduction=\count155
\c@savedintroduction=\count156
\c@namea=\count157
\c@savednamea=\count158
\c@nameb=\count159
\c@savednameb=\count160
\c@namec=\count161
\c@savednamec=\count162
\c@translator=\count163
\c@savedtranslator=\count164
\c@shortauthor=\count165
\c@savedshortauthor=\count166
\c@shorteditor=\count167
\c@savedshorteditor=\count168
\c@labelname=\count169
\c@savedlabelname=\count170
\c@institution=\count171
\c@savedinstitution=\count172
\c@lista=\count173
\c@savedlista=\count174
\c@listb=\count175
\c@savedlistb=\count176
\c@listc=\count177
\c@savedlistc=\count178
\c@listd=\count179
\c@savedlistd=\count180
\c@liste=\count181
\c@savedliste=\count182
\c@listf=\count183
\c@savedlistf=\count184
\c@location=\count185
\c@savedlocation=\count186
\c@organization=\count187
\c@savedorganization=\count188
\c@origlocation=\count189
\c@savedoriglocation=\count190
\c@origpublisher=\count191
\c@savedorigpublisher=\count192
\c@publisher=\count193
\c@savedpublisher=\count194
\c@language=\count195
\c@savedlanguage=\count196
\c@pageref=\count197
\c@savedpageref=\count198
\shorthandwidth=\skip63
\shortjournalwidth=\skip64
\shortserieswidth=\skip65
\shorttitlewidth=\skip66
\shortauthorwidth=\skip67
\shorteditorwidth=\skip68
Package biblatex Info: Trying to load compatibility code...
Package biblatex Info: ... file 'blx-compat.def' found.

(/usr/local/texlive/2016/texmf-dist/tex/latex/biblatex/blx-compat.def
File: blx-compat.def 2016/05/14 v3.4 biblatex compatibility (PK/JW/AB)
)
Package biblatex Info: Trying to load generic definitions...
Package biblatex Info: ... file 'biblatex.def' found.

(/usr/local/texlive/2016/texmf-dist/tex/latex/biblatex/biblatex.def
File: biblatex.def 2016/05/14 v3.4 biblatex compatibility (PK/JW/AB)
\c@textcitecount=\count199
\c@textcitetotal=\count266
\c@textcitemaxnames=\count267
\c@biburlnumpenalty=\count268
\c@biburlucpenalty=\count269
\c@biburllcpenalty=\count270
\c@smartand=\count271
)
Package biblatex Info: Trying to load bibliography style 'phys'...
Package biblatex Info: ... file 'phys.bbx' found.

(/usr/local/texlive/2016/texmf-dist/tex/latex/biblatex-phys/phys.bbx
File: phys.bbx 2016/03/13 v1.0a biblatex bibliography style
Package biblatex Info: Trying to load bibliography style 'numeric-comp'...
Package biblatex Info: ... file 'numeric-comp.bbx' found.

(/usr/local/texlive/2016/texmf-dist/tex/latex/biblatex/bbx/numeric-comp.bbx
File: numeric-comp.bbx 2016/05/14 v3.4 biblatex bibliography style (PK/JW/AB)
Package biblatex Info: Trying to load bibliography style 'numeric'...
Package biblatex Info: ... file 'numeric.bbx' found.

(/usr/local/texlive/2016/texmf-dist/tex/latex/biblatex/bbx/numeric.bbx
File: numeric.bbx 2016/05/14 v3.4 biblatex bibliography style (PK/JW/AB)
Package biblatex Info: Trying to load bibliography style 'standard'...
Package biblatex Info: ... file 'standard.bbx' found.

(/usr/local/texlive/2016/texmf-dist/tex/latex/biblatex/bbx/standard.bbx
File: standard.bbx 2016/05/14 v3.4 biblatex bibliography style (PK/JW/AB)
\c@bbx:relatedcount=\count272
\c@bbx:relatedtotal=\count273
))))
Package biblatex Info: Trying to load citation style 'phys'...
Package biblatex Info: ... file 'phys.cbx' found.

(/usr/local/texlive/2016/texmf-dist/tex/latex/biblatex-phys/phys.cbx
File: phys.cbx 2016/03/13 v1.0a biblatex citation style
Package biblatex Info: Trying to load citation style 'numeric-comp'...
Package biblatex Info: ... file 'numeric-comp.cbx' found.

(/usr/local/texlive/2016/texmf-dist/tex/latex/biblatex/cbx/numeric-comp.cbx
File: numeric-comp.cbx 2016/05/14 v3.4 biblatex citation style (PK/JW/AB)
\c@cbx@tempcnta=\count274
\c@cbx@tempcntb=\count275
Package biblatex Info: Redefining '\cite'.
Package biblatex Info: Redefining '\parencite'.
Package biblatex Info: Redefining '\footcite'.
Package biblatex Info: Redefining '\footcitetext'.
Package biblatex Info: Redefining '\smartcite'.
Package biblatex Info: Redefining '\supercite'.
Package biblatex Info: Redefining '\textcite'.
Package biblatex Info: Redefining '\textcites'.
Package biblatex Info: Redefining '\cites'.
Package biblatex Info: Redefining '\parencites'.
Package biblatex Info: Redefining '\smartcites'.
))
Package biblatex Info: Trying to load configuration file...
Package biblatex Info: ... file 'biblatex.cfg' found.

(/usr/local/texlive/2016/texmf-dist/tex/latex/biblatex/biblatex.cfg
File: biblatex.cfg 
))
(/usr/local/texlive/2016/texmf-dist/tex/latex/hyperref/hyperref.sty
Package: hyperref 2016/05/05 v6.83n Hypertext links for LaTeX

(/usr/local/texlive/2016/texmf-dist/tex/generic/oberdiek/hobsub-hyperref.sty
Package: hobsub-hyperref 2016/05/16 v1.14 Bundle oberdiek, subset hyperref (HO)


(/usr/local/texlive/2016/texmf-dist/tex/generic/oberdiek/hobsub-generic.sty
Package: hobsub-generic 2016/05/16 v1.14 Bundle oberdiek, subset generic (HO)
Package: hobsub 2016/05/16 v1.14 Construct package bundles (HO)
Package hobsub Info: Skipping package `infwarerr' (already loaded).
Package hobsub Info: Skipping package `ltxcmds' (already loaded).
Package hobsub Info: Skipping package `ifluatex' (already loaded).
Package: ifvtex 2016/05/16 v1.6 Detect VTeX and its facilities (HO)
Package ifvtex Info: VTeX not detected.
Package: intcalc 2016/05/16 v1.2 Expandable calculations with integers (HO)
Package hobsub Info: Skipping package `ifpdf' (already loaded).
Package hobsub Info: Skipping package `etexcmds' (already loaded).
Package hobsub Info: Skipping package `kvsetkeys' (already loaded).
Package: kvdefinekeys 2016/05/16 v1.4 Define keys (HO)
Package hobsub Info: Skipping package `pdftexcmds' (already loaded).
Package: pdfescape 2016/05/16 v1.14 Implements pdfTeX's escape features (HO)
Package: bigintcalc 2016/05/16 v1.4 Expandable calculations on big integers (HO
)
Package: bitset 2016/05/16 v1.2 Handle bit-vector datatype (HO)
Package: uniquecounter 2016/05/16 v1.3 Provide unlimited unique counter (HO)
)
Package hobsub Info: Skipping package `hobsub' (already loaded).
Package: letltxmacro 2016/05/16 v1.5 Let assignment for LaTeX macros (HO)
Package: hopatch 2016/05/16 v1.3 Wrapper for package hooks (HO)
Package: xcolor-patch 2016/05/16 xcolor patch
Package: atveryend 2016/05/16 v1.9 Hooks at the very end of document (HO)
Package: atbegshi 2016/05/16 v1.17 At begin shipout hook (HO)
Package: refcount 2016/05/16 v3.5 Data extraction from label references (HO)
Package: hycolor 2016/05/16 v1.8 Color options for hyperref/bookmark (HO)
)
(/usr/local/texlive/2016/texmf-dist/tex/generic/ifxetex/ifxetex.sty
Package: ifxetex 2010/09/12 v0.6 Provides ifxetex conditional
)
(/usr/local/texlive/2016/texmf-dist/tex/latex/oberdiek/auxhook.sty
Package: auxhook 2016/05/16 v1.4 Hooks for auxiliary files (HO)
)
\@linkdim=\dimen103
\Hy@linkcounter=\count276
\Hy@pagecounter=\count277

(/usr/local/texlive/2016/texmf-dist/tex/latex/hyperref/pd1enc.def
File: pd1enc.def 2016/05/05 v6.83n Hyperref: PDFDocEncoding definition (HO)
)
\Hy@SavedSpaceFactor=\count278

(/usr/local/texlive/2016/texmf-dist/tex/latex/latexconfig/hyperref.cfg
File: hyperref.cfg 2002/06/06 v1.2 hyperref configuration of TeXLive
)
Package hyperref Info: Option `colorlinks' set `true' on input line 4322.
Package hyperref Info: Option `breaklinks' set `true' on input line 4322.
Package hyperref Info: Hyper figures OFF on input line 4446.
Package hyperref Info: Link nesting OFF on input line 4451.
Package hyperref Info: Hyper index ON on input line 4454.
Package hyperref Info: Plain pages OFF on input line 4461.
Package hyperref Info: Backreferencing OFF on input line 4466.
Package hyperref Info: Implicit mode ON; LaTeX internals redefined.
Package hyperref Info: Bookmarks ON on input line 4691.
\c@Hy@tempcnt=\count279
LaTeX Info: Redefining \url on input line 5044.
\XeTeXLinkMargin=\dimen104
\Fld@menulength=\count280
\Field@Width=\dimen105
\Fld@charsize=\dimen106
Package hyperref Info: Hyper figures OFF on input line 6298.
Package hyperref Info: Link nesting OFF on input line 6303.
Package hyperref Info: Hyper index ON on input line 6306.
Package hyperref Info: backreferencing OFF on input line 6313.
Package hyperref Info: Link coloring ON on input line 6316.
Package hyperref Info: Link coloring with OCG OFF on input line 6323.
Package hyperref Info: PDF/A mode OFF on input line 6328.
LaTeX Info: Redefining \ref on input line 6368.
LaTeX Info: Redefining \pageref on input line 6372.
\Hy@abspage=\count281
\c@Item=\count282
\c@Hfootnote=\count283
)

Package hyperref Message: Driver (autodetected): hpdftex.

(/usr/local/texlive/2016/texmf-dist/tex/latex/hyperref/hpdftex.def
File: hpdftex.def 2016/05/05 v6.83n Hyperref driver for pdfTeX
\Fld@listcount=\count284
\c@bookmark@seq@number=\count285

(/usr/local/texlive/2016/texmf-dist/tex/latex/oberdiek/rerunfilecheck.sty
Package: rerunfilecheck 2016/05/16 v1.8 Rerun checks for auxiliary files (HO)
Package uniquecounter Info: New unique counter `rerunfilecheck' on input line 2
82.
)
\Hy@SectionHShift=\skip69
)
(/usr/local/texlive/2016/texmf-dist/tex/latex/psnfss/mathpazo.sty
Package: mathpazo 2005/04/12 PSNFSS-v9.2a Palatino w/ Pazo Math (D.Puga, WaS) 
\symupright=\mathgroup4
)
Package biblatex Info: Trying to load language 'english'...
Package biblatex Info: ... file 'english.lbx' found.

(/usr/local/texlive/2016/texmf-dist/tex/latex/biblatex/lbx/english.lbx
File: english.lbx 2016/05/14 v3.4 biblatex localization (PK/JW/AB)
)
\@quotelevel=\count286
\@quotereset=\count287

(./cv.aux)
\openout1 = `cv.aux'.

LaTeX Font Info:    Checking defaults for OML/cmm/m/it on input line 20.
LaTeX Font Info:    ... okay on input line 20.
LaTeX Font Info:    Checking defaults for T1/cmr/m/n on input line 20.
LaTeX Font Info:    ... okay on input line 20.
LaTeX Font Info:    Checking defaults for OT1/cmr/m/n on input line 20.
LaTeX Font Info:    ... okay on input line 20.
LaTeX Font Info:    Checking defaults for OMS/cmsy/m/n on input line 20.
LaTeX Font Info:    ... okay on input line 20.
LaTeX Font Info:    Checking defaults for OMX/cmex/m/n on input line 20.
LaTeX Font Info:    ... okay on input line 20.
LaTeX Font Info:    Checking defaults for U/cmr/m/n on input line 20.
LaTeX Font Info:    ... okay on input line 20.
LaTeX Font Info:    Checking defaults for PD1/pdf/m/n on input line 20.
LaTeX Font Info:    ... okay on input line 20.
LaTeX Font Info:    Try loading font information for OT1+ppl on input line 20.
 (/usr/local/texlive/2016/texmf-dist/tex/latex/psnfss/ot1ppl.fd
File: ot1ppl.fd 2001/06/04 font definitions for OT1/ppl.
)
Package biblatex Info: No input encoding detected.
(biblatex)             Assuming 'ascii'.
Package biblatex Info: Automatic encoding selection.
(biblatex)             Assuming data encoding 'ascii'.
\openout4 = `cv.bcf'.

Package biblatex Info: Trying to load bibliographic data...
Package biblatex Info: ... file 'cv.bbl' found.

(./cv.bbl)
Package biblatex Info: Reference section=0 on input line 20.
Package biblatex Info: Reference segment=0 on input line 20.
\AtBeginShipoutBox=\box28
 (/usr/local/texlive/2016/texmf-dist/tex/latex/graphics/color.sty
Package: color 2016/05/09 v1.1c Standard LaTeX Color (DPC)

(/usr/local/texlive/2016/texmf-dist/tex/latex/graphics-cfg/color.cfg
File: color.cfg 2016/01/02 v1.6 sample color configuration
)
Package color Info: Driver file: pdftex.def on input line 144.

(/usr/local/texlive/2016/texmf-dist/tex/latex/pdftex-def/pdftex.def
File: pdftex.def 2011/05/27 v0.06d Graphics/color for pdfTeX
\Gread@gobject=\count288

(/usr/local/texlive/2016/texmf-dist/tex/context/base/mkii/supp-pdf.mkii
[Loading MPS to PDF converter (version 2006.09.02).]
\scratchcounter=\count289
\scratchdimen=\dimen107
\scratchbox=\box29
\nofMPsegments=\count290
\nofMParguments=\count291
\everyMPshowfont=\toks15
\MPscratchCnt=\count292
\MPscratchDim=\dimen108
\MPnumerator=\count293
\makeMPintoPDFobject=\count294
\everyMPtoPDFconversion=\toks16
)))
Package hyperref Info: Link coloring ON on input line 20.
 (/usr/local/texlive/2016/texmf-dist/tex/latex/hyperref/nameref.sty
Package: nameref 2012/10/27 v2.43 Cross-referencing by name of section

(/usr/local/texlive/2016/texmf-dist/tex/generic/oberdiek/gettitlestring.sty
Package: gettitlestring 2016/05/16 v1.5 Cleanup title references (HO)
)
\c@section@level=\count295
)
LaTeX Info: Redefining \ref on input line 20.
LaTeX Info: Redefining \pageref on input line 20.
LaTeX Info: Redefining \nameref on input line 20.

(./cv.out) (./cv.out)
\@outlinefile=\write5
\openout5 = `cv.out'.

\big@size=\dimen109
LaTeX Font Info:    Try loading font information for OML+zplm on input line 27.


(/usr/local/texlive/2016/texmf-dist/tex/latex/psnfss/omlzplm.fd
File: omlzplm.fd 2002/09/08 Fontinst v1.914 font definitions for OML/zplm.
)
LaTeX Font Info:    Try loading font information for OMS+zplm on input line 27.


(/usr/local/texlive/2016/texmf-dist/tex/latex/psnfss/omszplm.fd
File: omszplm.fd 2002/09/08 Fontinst v1.914 font definitions for OMS/zplm.
)
LaTeX Font Info:    Try loading font information for OMX+zplm on input line 27.


(/usr/local/texlive/2016/texmf-dist/tex/latex/psnfss/omxzplm.fd
File: omxzplm.fd 2002/09/08 Fontinst v1.914 font definitions for OMX/zplm.
)
LaTeX Font Info:    Try loading font information for OT1+zplm on input line 27.


(/usr/local/texlive/2016/texmf-dist/tex/latex/psnfss/ot1zplm.fd
File: ot1zplm.fd 2002/09/08 Fontinst v1.914 font definitions for OT1/zplm.
)
Overfull \hbox (25.8382pt too wide) in paragraph at lines 79--89
[] 
 []

[1

{/usr/local/texlive/2016/texmf-var/fonts/map/pdftex/updmap/pdftex.map}]
\blx@maxsegment@1=\count296
\blx@sectionciteorder@1=\count297
Package biblatex Info: Reference section=1 on input line 121.
Package biblatex Info: Setting label 'refsection:1' on input line 121.


Package biblatex Warning: Option 'resetnumbers' requires 'defernumbers=true'.
(biblatex)                Ignoring 'resetnumbers=true' on input line 123.


Package biblatex Warning: \mkbibnamefirst is deprecated, please use \mkbibnameg
iven. Using \mkbibnamegiven.


Package biblatex Warning: \mkbibnamelast is deprecated, please use \mkbibnamefa
mily. Using \mkbibnamefamily.


Package biblatex Warning: \mkbibnameaffix is deprecated, please use \mkbibnames
uffix. Using \mkbibnamesuffix.


Package biblatex Warning: \mkbibnamefirst is deprecated, please use \mkbibnameg
iven. Using \mkbibnamegiven.


Package biblatex Warning: \mkbibnamelast is deprecated, please use \mkbibnamefa
mily. Using \mkbibnamefamily.


Package biblatex Warning: \mkbibnameaffix is deprecated, please use \mkbibnames
uffix. Using \mkbibnamesuffix.


Package biblatex Warning: \mkbibnamefirst is deprecated, please use \mkbibnameg
iven. Using \mkbibnamegiven.


Package biblatex Warning: \mkbibnamelast is deprecated, please use \mkbibnamefa
mily. Using \mkbibnamefamily.


Package biblatex Warning: \mkbibnameaffix is deprecated, please use \mkbibnames
uffix. Using \mkbibnamesuffix.


Package biblatex Warning: \mkbibnamefirst is deprecated, please use \mkbibnameg
iven. Using \mkbibnamegiven.


Package biblatex Warning: \mkbibnamelast is deprecated, please use \mkbibnamefa
mily. Using \mkbibnamefamily.


Package biblatex Warning: \mkbibnameaffix is deprecated, please use \mkbibnames
uffix. Using \mkbibnamesuffix.

LaTeX Font Info:    Font shape `OT1/ppl/bx/n' in size <9> not available
(Font)              Font shape `OT1/ppl/b/n' tried instead on input line 123.

Package biblatex Warning: \mkbibnamefirst is deprecated, please use \mkbibnameg
iven. Using \mkbibnamegiven.


Package biblatex Warning: \mkbibnamelast is deprecated, please use \mkbibnamefa
mily. Using \mkbibnamefamily.


Package biblatex Warning: \mkbibnameaffix is deprecated, please use \mkbibnames
uffix. Using \mkbibnamesuffix.


Package biblatex Warning: \mkbibnamefirst is deprecated, please use \mkbibnameg
iven. Using \mkbibnamegiven.


Package biblatex Warning: \mkbibnamelast is deprecated, please use \mkbibnamefa
mily. Using \mkbibnamefamily.


Package biblatex Warning: \mkbibnameaffix is deprecated, please use \mkbibnames
uffix. Using \mkbibnamesuffix.


Package biblatex Warning: \mkbibnamefirst is deprecated, please use \mkbibnameg
iven. Using \mkbibnamegiven.


Package biblatex Warning: \mkbibnamelast is deprecated, please use \mkbibnamefa
mily. Using \mkbibnamefamily.


Package biblatex Warning: \mkbibnameaffix is deprecated, please use \mkbibnames
uffix. Using \mkbibnamesuffix.


Package biblatex Warning: \mkbibnamefirst is deprecated, please use \mkbibnameg
iven. Using \mkbibnamegiven.


Package biblatex Warning: \mkbibnamelast is deprecated, please use \mkbibnamefa
mily. Using \mkbibnamefamily.


Package biblatex Warning: \mkbibnameaffix is deprecated, please use \mkbibnames
uffix. Using \mkbibnamesuffix.


Package biblatex Warning: \mkbibnamefirst is deprecated, please use \mkbibnameg
iven. Using \mkbibnamegiven.


Package biblatex Warning: \mkbibnamelast is deprecated, please use \mkbibnamefa
mily. Using \mkbibnamefamily.


Package biblatex Warning: \mkbibnameaffix is deprecated, please use \mkbibnames
uffix. Using \mkbibnamesuffix.


Package biblatex Warning: \mkbibnamefirst is deprecated, please use \mkbibnameg
iven. Using \mkbibnamegiven.


Package biblatex Warning: \mkbibnamelast is deprecated, please use \mkbibnamefa
mily. Using \mkbibnamefamily.


Package biblatex Warning: \mkbibnameaffix is deprecated, please use \mkbibnames
uffix. Using \mkbibnamesuffix.


Package biblatex Warning: \mkbibnamefirst is deprecated, please use \mkbibnameg
iven. Using \mkbibnamegiven.


Package biblatex Warning: \mkbibnamelast is deprecated, please use \mkbibnamefa
mily. Using \mkbibnamefamily.


Package biblatex Warning: \mkbibnameaffix is deprecated, please use \mkbibnames
uffix. Using \mkbibnamesuffix.


Package biblatex Warning: \mkbibnamefirst is deprecated, please use \mkbibnameg
iven. Using \mkbibnamegiven.


Package biblatex Warning: \mkbibnamelast is deprecated, please use \mkbibnamefa
mily. Using \mkbibnamefamily.


Package biblatex Warning: \mkbibnameaffix is deprecated, please use \mkbibnames
uffix. Using \mkbibnamesuffix.


Package biblatex Warning: \mkbibnamefirst is deprecated, please use \mkbibnameg
iven. Using \mkbibnamegiven.


Package biblatex Warning: \mkbibnamelast is deprecated, please use \mkbibnamefa
mily. Using \mkbibnamefamily.


Package biblatex Warning: \mkbibnameaffix is deprecated, please use \mkbibnames
uffix. Using \mkbibnamesuffix.


Package biblatex Warning: \mkbibnamefirst is deprecated, please use \mkbibnameg
iven. Using \mkbibnamegiven.


Package biblatex Warning: \mkbibnamelast is deprecated, please use \mkbibnamefa
mily. Using \mkbibnamefamily.


Package biblatex Warning: \mkbibnameaffix is deprecated, please use \mkbibnames
uffix. Using \mkbibnamesuffix.


Package biblatex Warning: \mkbibnamefirst is deprecated, please use \mkbibnameg
iven. Using \mkbibnamegiven.


Package biblatex Warning: \mkbibnamelast is deprecated, please use \mkbibnamefa
mily. Using \mkbibnamefamily.


Package biblatex Warning: \mkbibnameaffix is deprecated, please use \mkbibnames
uffix. Using \mkbibnamesuffix.

[2]

Package biblatex Warning: \mkbibnamefirst is deprecated, please use \mkbibnameg
iven. Using \mkbibnamegiven.


Package biblatex Warning: \mkbibnamelast is deprecated, please use \mkbibnamefa
mily. Using \mkbibnamefamily.


Package biblatex Warning: \mkbibnameaffix is deprecated, please use \mkbibnames
uffix. Using \mkbibnamesuffix.


Package biblatex Warning: \mkbibnamefirst is deprecated, please use \mkbibnameg
iven. Using \mkbibnamegiven.


Package biblatex Warning: \mkbibnamelast is deprecated, please use \mkbibnamefa
mily. Using \mkbibnamefamily.


Package biblatex Warning: \mkbibnameaffix is deprecated, please use \mkbibnames
uffix. Using \mkbibnamesuffix.


Package biblatex Warning: \mkbibnamefirst is deprecated, please use \mkbibnameg
iven. Using \mkbibnamegiven.


Package biblatex Warning: \mkbibnamelast is deprecated, please use \mkbibnamefa
mily. Using \mkbibnamefamily.


Package biblatex Warning: \mkbibnameaffix is deprecated, please use \mkbibnames
uffix. Using \mkbibnamesuffix.


Package biblatex Warning: \mkbibnamefirst is deprecated, please use \mkbibnameg
iven. Using \mkbibnamegiven.


Package biblatex Warning: \mkbibnamelast is deprecated, please use \mkbibnamefa
mily. Using \mkbibnamefamily.


Package biblatex Warning: \mkbibnameaffix is deprecated, please use \mkbibnames
uffix. Using \mkbibnamesuffix.


Package biblatex Warning: \mkbibnamefirst is deprecated, please use \mkbibnameg
iven. Using \mkbibnamegiven.


Package biblatex Warning: \mkbibnamelast is deprecated, please use \mkbibnamefa
mily. Using \mkbibnamefamily.


Package biblatex Warning: \mkbibnameaffix is deprecated, please use \mkbibnames
uffix. Using \mkbibnamesuffix.


Package biblatex Warning: \mkbibnamefirst is deprecated, please use \mkbibnameg
iven. Using \mkbibnamegiven.


Package biblatex Warning: \mkbibnamelast is deprecated, please use \mkbibnamefa
mily. Using \mkbibnamefamily.


Package biblatex Warning: \mkbibnameaffix is deprecated, please use \mkbibnames
uffix. Using \mkbibnamesuffix.


Package biblatex Warning: \mkbibnamefirst is deprecated, please use \mkbibnameg
iven. Using \mkbibnamegiven.


Package biblatex Warning: \mkbibnamelast is deprecated, please use \mkbibnamefa
mily. Using \mkbibnamefamily.


Package biblatex Warning: \mkbibnameaffix is deprecated, please use \mkbibnames
uffix. Using \mkbibnamesuffix.


Package biblatex Warning: \mkbibnamefirst is deprecated, please use \mkbibnameg
iven. Using \mkbibnamegiven.


Package biblatex Warning: \mkbibnamelast is deprecated, please use \mkbibnamefa
mily. Using \mkbibnamefamily.


Package biblatex Warning: \mkbibnameaffix is deprecated, please use \mkbibnames
uffix. Using \mkbibnamesuffix.


Package biblatex Warning: \mkbibnamefirst is deprecated, please use \mkbibnameg
iven. Using \mkbibnamegiven.


Package biblatex Warning: \mkbibnamelast is deprecated, please use \mkbibnamefa
mily. Using \mkbibnamefamily.


Package biblatex Warning: \mkbibnameaffix is deprecated, please use \mkbibnames
uffix. Using \mkbibnamesuffix.


Package biblatex Warning: \mkbibnamefirst is deprecated, please use \mkbibnameg
iven. Using \mkbibnamegiven.


Package biblatex Warning: \mkbibnamelast is deprecated, please use \mkbibnamefa
mily. Using \mkbibnamefamily.


Package biblatex Warning: \mkbibnameaffix is deprecated, please use \mkbibnames
uffix. Using \mkbibnamesuffix.


Package biblatex Warning: \mkbibnamefirst is deprecated, please use \mkbibnameg
iven. Using \mkbibnamegiven.


Package biblatex Warning: \mkbibnamelast is deprecated, please use \mkbibnamefa
mily. Using \mkbibnamefamily.


Package biblatex Warning: \mkbibnameaffix is deprecated, please use \mkbibnames
uffix. Using \mkbibnamesuffix.


Package biblatex Warning: \mkbibnamefirst is deprecated, please use \mkbibnameg
iven. Using \mkbibnamegiven.


Package biblatex Warning: \mkbibnamelast is deprecated, please use \mkbibnamefa
mily. Using \mkbibnamefamily.


Package biblatex Warning: \mkbibnameaffix is deprecated, please use \mkbibnames
uffix. Using \mkbibnamesuffix.


Package biblatex Warning: \mkbibnamefirst is deprecated, please use \mkbibnameg
iven. Using \mkbibnamegiven.


Package biblatex Warning: \mkbibnamelast is deprecated, please use \mkbibnamefa
mily. Using \mkbibnamefamily.


Package biblatex Warning: \mkbibnameaffix is deprecated, please use \mkbibnames
uffix. Using \mkbibnamesuffix.


Package biblatex Warning: \mkbibnamefirst is deprecated, please use \mkbibnameg
iven. Using \mkbibnamegiven.


Package biblatex Warning: \mkbibnamelast is deprecated, please use \mkbibnamefa
mily. Using \mkbibnamefamily.


Package biblatex Warning: \mkbibnameaffix is deprecated, please use \mkbibnames
uffix. Using \mkbibnamesuffix.


Package biblatex Warning: \mkbibnamefirst is deprecated, please use \mkbibnameg
iven. Using \mkbibnamegiven.


Package biblatex Warning: \mkbibnamelast is deprecated, please use \mkbibnamefa
mily. Using \mkbibnamefamily.


Package biblatex Warning: \mkbibnameaffix is deprecated, please use \mkbibnames
uffix. Using \mkbibnamesuffix.


Package biblatex Warning: \mkbibnamefirst is deprecated, please use \mkbibnameg
iven. Using \mkbibnamegiven.


Package biblatex Warning: \mkbibnamelast is deprecated, please use \mkbibnamefa
mily. Using \mkbibnamefamily.


Package biblatex Warning: \mkbibnameaffix is deprecated, please use \mkbibnames
uffix. Using \mkbibnamesuffix.


Package biblatex Warning: \mkbibnamefirst is deprecated, please use \mkbibnameg
iven. Using \mkbibnamegiven.


Package biblatex Warning: \mkbibnamelast is deprecated, please use \mkbibnamefa
mily. Using \mkbibnamefamily.


Package biblatex Warning: \mkbibnameaffix is deprecated, please use \mkbibnames
uffix. Using \mkbibnamesuffix.


Package biblatex Warning: \mkbibnamefirst is deprecated, please use \mkbibnameg
iven. Using \mkbibnamegiven.


Package biblatex Warning: \mkbibnamelast is deprecated, please use \mkbibnamefa
mily. Using \mkbibnamefamily.


Package biblatex Warning: \mkbibnameaffix is deprecated, please use \mkbibnames
uffix. Using \mkbibnamesuffix.


Package biblatex Warning: \mkbibnamefirst is deprecated, please use \mkbibnameg
iven. Using \mkbibnamegiven.


Package biblatex Warning: \mkbibnamelast is deprecated, please use \mkbibnamefa
mily. Using \mkbibnamefamily.


Package biblatex Warning: \mkbibnameaffix is deprecated, please use \mkbibnames
uffix. Using \mkbibnamesuffix.


Package biblatex Warning: \mkbibnamefirst is deprecated, please use \mkbibnameg
iven. Using \mkbibnamegiven.


Package biblatex Warning: \mkbibnamelast is deprecated, please use \mkbibnamefa
mily. Using \mkbibnamefamily.


Package biblatex Warning: \mkbibnameaffix is deprecated, please use \mkbibnames
uffix. Using \mkbibnamesuffix.


Package biblatex Warning: \mkbibnamefirst is deprecated, please use \mkbibnameg
iven. Using \mkbibnamegiven.


Package biblatex Warning: \mkbibnamelast is deprecated, please use \mkbibnamefa
mily. Using \mkbibnamefamily.


Package biblatex Warning: \mkbibnameaffix is deprecated, please use \mkbibnames
uffix. Using \mkbibnamesuffix.


Package biblatex Warning: \mkbibnamefirst is deprecated, please use \mkbibnameg
iven. Using \mkbibnamegiven.


Package biblatex Warning: \mkbibnamelast is deprecated, please use \mkbibnamefa
mily. Using \mkbibnamefamily.


Package biblatex Warning: \mkbibnameaffix is deprecated, please use \mkbibnames
uffix. Using \mkbibnamesuffix.


Package biblatex Warning: \mkbibnamefirst is deprecated, please use \mkbibnameg
iven. Using \mkbibnamegiven.


Package biblatex Warning: \mkbibnamelast is deprecated, please use \mkbibnamefa
mily. Using \mkbibnamefamily.


Package biblatex Warning: \mkbibnameaffix is deprecated, please use \mkbibnames
uffix. Using \mkbibnamesuffix.


Package biblatex Warning: \mkbibnamefirst is deprecated, please use \mkbibnameg
iven. Using \mkbibnamegiven.


Package biblatex Warning: \mkbibnamelast is deprecated, please use \mkbibnamefa
mily. Using \mkbibnamefamily.


Package biblatex Warning: \mkbibnameaffix is deprecated, please use \mkbibnames
uffix. Using \mkbibnamesuffix.


Package biblatex Warning: \mkbibnamefirst is deprecated, please use \mkbibnameg
iven. Using \mkbibnamegiven.


Package biblatex Warning: \mkbibnamelast is deprecated, please use \mkbibnamefa
mily. Using \mkbibnamefamily.


Package biblatex Warning: \mkbibnameaffix is deprecated, please use \mkbibnames
uffix. Using \mkbibnamesuffix.


Package biblatex Warning: \mkbibnamefirst is deprecated, please use \mkbibnameg
iven. Using \mkbibnamegiven.


Package biblatex Warning: \mkbibnamelast is deprecated, please use \mkbibnamefa
mily. Using \mkbibnamefamily.


Package biblatex Warning: \mkbibnameaffix is deprecated, please use \mkbibnames
uffix. Using \mkbibnamesuffix.


Package biblatex Warning: \mkbibnamefirst is deprecated, please use \mkbibnameg
iven. Using \mkbibnamegiven.


Package biblatex Warning: \mkbibnamelast is deprecated, please use \mkbibnamefa
mily. Using \mkbibnamefamily.


Package biblatex Warning: \mkbibnameaffix is deprecated, please use \mkbibnames
uffix. Using \mkbibnamesuffix.


Package biblatex Warning: \mkbibnamefirst is deprecated, please use \mkbibnameg
iven. Using \mkbibnamegiven.


Package biblatex Warning: \mkbibnamelast is deprecated, please use \mkbibnamefa
mily. Using \mkbibnamefamily.


Package biblatex Warning: \mkbibnameaffix is deprecated, please use \mkbibnames
uffix. Using \mkbibnamesuffix.


Package biblatex Warning: \mkbibnamefirst is deprecated, please use \mkbibnameg
iven. Using \mkbibnamegiven.


Package biblatex Warning: \mkbibnamelast is deprecated, please use \mkbibnamefa
mily. Using \mkbibnamefamily.


Package biblatex Warning: \mkbibnameaffix is deprecated, please use \mkbibnames
uffix. Using \mkbibnamesuffix.


Package biblatex Warning: \mkbibnamefirst is deprecated, please use \mkbibnameg
iven. Using \mkbibnamegiven.


Package biblatex Warning: \mkbibnamelast is deprecated, please use \mkbibnamefa
mily. Using \mkbibnamefamily.


Package biblatex Warning: \mkbibnameaffix is deprecated, please use \mkbibnames
uffix. Using \mkbibnamesuffix.


Package biblatex Warning: \mkbibnamefirst is deprecated, please use \mkbibnameg
iven. Using \mkbibnamegiven.


Package biblatex Warning: \mkbibnamelast is deprecated, please use \mkbibnamefa
mily. Using \mkbibnamefamily.


Package biblatex Warning: \mkbibnameaffix is deprecated, please use \mkbibnames
uffix. Using \mkbibnamesuffix.


Package biblatex Warning: \mkbibnamefirst is deprecated, please use \mkbibnameg
iven. Using \mkbibnamegiven.


Package biblatex Warning: \mkbibnamelast is deprecated, please use \mkbibnamefa
mily. Using \mkbibnamefamily.


Package biblatex Warning: \mkbibnameaffix is deprecated, please use \mkbibnames
uffix. Using \mkbibnamesuffix.


Package biblatex Warning: \mkbibnamefirst is deprecated, please use \mkbibnameg
iven. Using \mkbibnamegiven.


Package biblatex Warning: \mkbibnamelast is deprecated, please use \mkbibnamefa
mily. Using \mkbibnamefamily.


Package biblatex Warning: \mkbibnameaffix is deprecated, please use \mkbibnames
uffix. Using \mkbibnamesuffix.


Package biblatex Warning: \mkbibnamefirst is deprecated, please use \mkbibnameg
iven. Using \mkbibnamegiven.


Package biblatex Warning: \mkbibnamelast is deprecated, please use \mkbibnamefa
mily. Using \mkbibnamefamily.


Package biblatex Warning: \mkbibnameaffix is deprecated, please use \mkbibnames
uffix. Using \mkbibnamesuffix.


Package biblatex Warning: \mkbibnamefirst is deprecated, please use \mkbibnameg
iven. Using \mkbibnamegiven.


Package biblatex Warning: \mkbibnamelast is deprecated, please use \mkbibnamefa
mily. Using \mkbibnamefamily.


Package biblatex Warning: \mkbibnameaffix is deprecated, please use \mkbibnames
uffix. Using \mkbibnamesuffix.


Package biblatex Warning: \mkbibnamefirst is deprecated, please use \mkbibnameg
iven. Using \mkbibnamegiven.


Package biblatex Warning: \mkbibnamelast is deprecated, please use \mkbibnamefa
mily. Using \mkbibnamefamily.


Package biblatex Warning: \mkbibnameaffix is deprecated, please use \mkbibnames
uffix. Using \mkbibnamesuffix.


Package biblatex Warning: \mkbibnamefirst is deprecated, please use \mkbibnameg
iven. Using \mkbibnamegiven.


Package biblatex Warning: \mkbibnamelast is deprecated, please use \mkbibnamefa
mily. Using \mkbibnamefamily.


Package biblatex Warning: \mkbibnameaffix is deprecated, please use \mkbibnames
uffix. Using \mkbibnamesuffix.


Package biblatex Warning: \mkbibnamefirst is deprecated, please use \mkbibnameg
iven. Using \mkbibnamegiven.


Package biblatex Warning: \mkbibnamelast is deprecated, please use \mkbibnamefa
mily. Using \mkbibnamefamily.


Package biblatex Warning: \mkbibnameaffix is deprecated, please use \mkbibnames
uffix. Using \mkbibnamesuffix.


Package biblatex Warning: \mkbibnamefirst is deprecated, please use \mkbibnameg
iven. Using \mkbibnamegiven.


Package biblatex Warning: \mkbibnamelast is deprecated, please use \mkbibnamefa
mily. Using \mkbibnamefamily.


Package biblatex Warning: \mkbibnameaffix is deprecated, please use \mkbibnames
uffix. Using \mkbibnamesuffix.


Package biblatex Warning: \mkbibnamefirst is deprecated, please use \mkbibnameg
iven. Using \mkbibnamegiven.


Package biblatex Warning: \mkbibnamelast is deprecated, please use \mkbibnamefa
mily. Using \mkbibnamefamily.


Package biblatex Warning: \mkbibnameaffix is deprecated, please use \mkbibnames
uffix. Using \mkbibnamesuffix.


Package biblatex Warning: \mkbibnamefirst is deprecated, please use \mkbibnameg
iven. Using \mkbibnamegiven.


Package biblatex Warning: \mkbibnamelast is deprecated, please use \mkbibnamefa
mily. Using \mkbibnamefamily.


Package biblatex Warning: \mkbibnameaffix is deprecated, please use \mkbibnames
uffix. Using \mkbibnamesuffix.


Package biblatex Warning: \mkbibnamefirst is deprecated, please use \mkbibnameg
iven. Using \mkbibnamegiven.


Package biblatex Warning: \mkbibnamelast is deprecated, please use \mkbibnamefa
mily. Using \mkbibnamefamily.


Package biblatex Warning: \mkbibnameaffix is deprecated, please use \mkbibnames
uffix. Using \mkbibnamesuffix.


Package biblatex Warning: \mkbibnamefirst is deprecated, please use \mkbibnameg
iven. Using \mkbibnamegiven.


Package biblatex Warning: \mkbibnamelast is deprecated, please use \mkbibnamefa
mily. Using \mkbibnamefamily.


Package biblatex Warning: \mkbibnameaffix is deprecated, please use \mkbibnames
uffix. Using \mkbibnamesuffix.


Package biblatex Warning: \mkbibnamefirst is deprecated, please use \mkbibnameg
iven. Using \mkbibnamegiven.


Package biblatex Warning: \mkbibnamelast is deprecated, please use \mkbibnamefa
mily. Using \mkbibnamefamily.


Package biblatex Warning: \mkbibnameaffix is deprecated, please use \mkbibnames
uffix. Using \mkbibnamesuffix.


Package biblatex Warning: \mkbibnamefirst is deprecated, please use \mkbibnameg
iven. Using \mkbibnamegiven.


Package biblatex Warning: \mkbibnamelast is deprecated, please use \mkbibnamefa
mily. Using \mkbibnamefamily.


Package biblatex Warning: \mkbibnameaffix is deprecated, please use \mkbibnames
uffix. Using \mkbibnamesuffix.


Package biblatex Warning: \mkbibnamefirst is deprecated, please use \mkbibnameg
iven. Using \mkbibnamegiven.


Package biblatex Warning: \mkbibnamelast is deprecated, please use \mkbibnamefa
mily. Using \mkbibnamefamily.


Package biblatex Warning: \mkbibnameaffix is deprecated, please use \mkbibnames
uffix. Using \mkbibnamesuffix.


Package biblatex Warning: \mkbibnamefirst is deprecated, please use \mkbibnameg
iven. Using \mkbibnamegiven.


Package biblatex Warning: \mkbibnamelast is deprecated, please use \mkbibnamefa
mily. Using \mkbibnamefamily.


Package biblatex Warning: \mkbibnameaffix is deprecated, please use \mkbibnames
uffix. Using \mkbibnamesuffix.


Package biblatex Warning: \mkbibnamefirst is deprecated, please use \mkbibnameg
iven. Using \mkbibnamegiven.


Package biblatex Warning: \mkbibnamelast is deprecated, please use \mkbibnamefa
mily. Using \mkbibnamefamily.


Package biblatex Warning: \mkbibnameaffix is deprecated, please use \mkbibnames
uffix. Using \mkbibnamesuffix.


Package biblatex Warning: \mkbibnamefirst is deprecated, please use \mkbibnameg
iven. Using \mkbibnamegiven.


Package biblatex Warning: \mkbibnamelast is deprecated, please use \mkbibnamefa
mily. Using \mkbibnamefamily.


Package biblatex Warning: \mkbibnameaffix is deprecated, please use \mkbibnames
uffix. Using \mkbibnamesuffix.


Package biblatex Warning: \mkbibnamefirst is deprecated, please use \mkbibnameg
iven. Using \mkbibnamegiven.


Package biblatex Warning: \mkbibnamelast is deprecated, please use \mkbibnamefa
mily. Using \mkbibnamefamily.


Package biblatex Warning: \mkbibnameaffix is deprecated, please use \mkbibnames
uffix. Using \mkbibnamesuffix.


Package biblatex Warning: \mkbibnamefirst is deprecated, please use \mkbibnameg
iven. Using \mkbibnamegiven.


Package biblatex Warning: \mkbibnamelast is deprecated, please use \mkbibnamefa
mily. Using \mkbibnamefamily.


Package biblatex Warning: \mkbibnameaffix is deprecated, please use \mkbibnames
uffix. Using \mkbibnamesuffix.


Package biblatex Warning: \mkbibnamefirst is deprecated, please use \mkbibnameg
iven. Using \mkbibnamegiven.


Package biblatex Warning: \mkbibnamelast is deprecated, please use \mkbibnamefa
mily. Using \mkbibnamefamily.


Package biblatex Warning: \mkbibnameaffix is deprecated, please use \mkbibnames
uffix. Using \mkbibnamesuffix.


Package biblatex Warning: \mkbibnamefirst is deprecated, please use \mkbibnameg
iven. Using \mkbibnamegiven.


Package biblatex Warning: \mkbibnamelast is deprecated, please use \mkbibnamefa
mily. Using \mkbibnamefamily.


Package biblatex Warning: \mkbibnameaffix is deprecated, please use \mkbibnames
uffix. Using \mkbibnamesuffix.


Package biblatex Warning: \mkbibnamefirst is deprecated, please use \mkbibnameg
iven. Using \mkbibnamegiven.


Package biblatex Warning: \mkbibnamelast is deprecated, please use \mkbibnamefa
mily. Using \mkbibnamefamily.


Package biblatex Warning: \mkbibnameaffix is deprecated, please use \mkbibnames
uffix. Using \mkbibnamesuffix.


Package biblatex Warning: \mkbibnamefirst is deprecated, please use \mkbibnameg
iven. Using \mkbibnamegiven.


Package biblatex Warning: \mkbibnamelast is deprecated, please use \mkbibnamefa
mily. Using \mkbibnamefamily.


Package biblatex Warning: \mkbibnameaffix is deprecated, please use \mkbibnames
uffix. Using \mkbibnamesuffix.


Package biblatex Warning: \mkbibnamefirst is deprecated, please use \mkbibnameg
iven. Using \mkbibnamegiven.


Package biblatex Warning: \mkbibnamelast is deprecated, please use \mkbibnamefa
mily. Using \mkbibnamefamily.


Package biblatex Warning: \mkbibnameaffix is deprecated, please use \mkbibnames
uffix. Using \mkbibnamesuffix.


Package biblatex Warning: \mkbibnamefirst is deprecated, please use \mkbibnameg
iven. Using \mkbibnamegiven.


Package biblatex Warning: \mkbibnamelast is deprecated, please use \mkbibnamefa
mily. Using \mkbibnamefamily.


Package biblatex Warning: \mkbibnameaffix is deprecated, please use \mkbibnames
uffix. Using \mkbibnamesuffix.


Package biblatex Warning: \mkbibnamefirst is deprecated, please use \mkbibnameg
iven. Using \mkbibnamegiven.


Package biblatex Warning: \mkbibnamelast is deprecated, please use \mkbibnamefa
mily. Using \mkbibnamefamily.


Package biblatex Warning: \mkbibnameaffix is deprecated, please use \mkbibnames
uffix. Using \mkbibnamesuffix.


Package biblatex Warning: \mkbibnamefirst is deprecated, please use \mkbibnameg
iven. Using \mkbibnamegiven.


Package biblatex Warning: \mkbibnamelast is deprecated, please use \mkbibnamefa
mily. Using \mkbibnamefamily.


Package biblatex Warning: \mkbibnameaffix is deprecated, please use \mkbibnames
uffix. Using \mkbibnamesuffix.


Package biblatex Warning: \mkbibnamefirst is deprecated, please use \mkbibnameg
iven. Using \mkbibnamegiven.


Package biblatex Warning: \mkbibnamelast is deprecated, please use \mkbibnamefa
mily. Using \mkbibnamefamily.


Package biblatex Warning: \mkbibnameaffix is deprecated, please use \mkbibnames
uffix. Using \mkbibnamesuffix.


Package biblatex Warning: \mkbibnamefirst is deprecated, please use \mkbibnameg
iven. Using \mkbibnamegiven.


Package biblatex Warning: \mkbibnamelast is deprecated, please use \mkbibnamefa
mily. Using \mkbibnamefamily.


Package biblatex Warning: \mkbibnameaffix is deprecated, please use \mkbibnames
uffix. Using \mkbibnamesuffix.


Package biblatex Warning: \mkbibnamefirst is deprecated, please use \mkbibnameg
iven. Using \mkbibnamegiven.


Package biblatex Warning: \mkbibnamelast is deprecated, please use \mkbibnamefa
mily. Using \mkbibnamefamily.


Package biblatex Warning: \mkbibnameaffix is deprecated, please use \mkbibnames
uffix. Using \mkbibnamesuffix.


Package biblatex Warning: \mkbibnamefirst is deprecated, please use \mkbibnameg
iven. Using \mkbibnamegiven.


Package biblatex Warning: \mkbibnamelast is deprecated, please use \mkbibnamefa
mily. Using \mkbibnamefamily.


Package biblatex Warning: \mkbibnameaffix is deprecated, please use \mkbibnames
uffix. Using \mkbibnamesuffix.


Package biblatex Warning: \mkbibnamefirst is deprecated, please use \mkbibnameg
iven. Using \mkbibnamegiven.


Package biblatex Warning: \mkbibnamelast is deprecated, please use \mkbibnamefa
mily. Using \mkbibnamefamily.


Package biblatex Warning: \mkbibnameaffix is deprecated, please use \mkbibnames
uffix. Using \mkbibnamesuffix.


Package biblatex Warning: \mkbibnamefirst is deprecated, please use \mkbibnameg
iven. Using \mkbibnamegiven.


Package biblatex Warning: \mkbibnamelast is deprecated, please use \mkbibnamefa
mily. Using \mkbibnamefamily.


Package biblatex Warning: \mkbibnameaffix is deprecated, please use \mkbibnames
uffix. Using \mkbibnamesuffix.


Package biblatex Warning: \mkbibnamefirst is deprecated, please use \mkbibnameg
iven. Using \mkbibnamegiven.


Package biblatex Warning: \mkbibnamelast is deprecated, please use \mkbibnamefa
mily. Using \mkbibnamefamily.


Package biblatex Warning: \mkbibnameaffix is deprecated, please use \mkbibnames
uffix. Using \mkbibnamesuffix.


Package biblatex Warning: \mkbibnamefirst is deprecated, please use \mkbibnameg
iven. Using \mkbibnamegiven.


Package biblatex Warning: \mkbibnamelast is deprecated, please use \mkbibnamefa
mily. Using \mkbibnamefamily.


Package biblatex Warning: \mkbibnameaffix is deprecated, please use \mkbibnames
uffix. Using \mkbibnamesuffix.


Package biblatex Warning: \mkbibnamefirst is deprecated, please use \mkbibnameg
iven. Using \mkbibnamegiven.


Package biblatex Warning: \mkbibnamelast is deprecated, please use \mkbibnamefa
mily. Using \mkbibnamefamily.


Package biblatex Warning: \mkbibnameaffix is deprecated, please use \mkbibnames
uffix. Using \mkbibnamesuffix.


Package biblatex Warning: \mkbibnamefirst is deprecated, please use \mkbibnameg
iven. Using \mkbibnamegiven.


Package biblatex Warning: \mkbibnamelast is deprecated, please use \mkbibnamefa
mily. Using \mkbibnamefamily.


Package biblatex Warning: \mkbibnameaffix is deprecated, please use \mkbibnames
uffix. Using \mkbibnamesuffix.


Package biblatex Warning: \mkbibnamefirst is deprecated, please use \mkbibnameg
iven. Using \mkbibnamegiven.


Package biblatex Warning: \mkbibnamelast is deprecated, please use \mkbibnamefa
mily. Using \mkbibnamefamily.


Package biblatex Warning: \mkbibnameaffix is deprecated, please use \mkbibnames
uffix. Using \mkbibnamesuffix.


Package biblatex Warning: \mkbibnamefirst is deprecated, please use \mkbibnameg
iven. Using \mkbibnamegiven.


Package biblatex Warning: \mkbibnamelast is deprecated, please use \mkbibnamefa
mily. Using \mkbibnamefamily.


Package biblatex Warning: \mkbibnameaffix is deprecated, please use \mkbibnames
uffix. Using \mkbibnamesuffix.


Package biblatex Warning: \mkbibnamefirst is deprecated, please use \mkbibnameg
iven. Using \mkbibnamegiven.


Package biblatex Warning: \mkbibnamelast is deprecated, please use \mkbibnamefa
mily. Using \mkbibnamefamily.


Package biblatex Warning: \mkbibnameaffix is deprecated, please use \mkbibnames
uffix. Using \mkbibnamesuffix.


Package biblatex Warning: \mkbibnamefirst is deprecated, please use \mkbibnameg
iven. Using \mkbibnamegiven.


Package biblatex Warning: \mkbibnamelast is deprecated, please use \mkbibnamefa
mily. Using \mkbibnamefamily.


Package biblatex Warning: \mkbibnameaffix is deprecated, please use \mkbibnames
uffix. Using \mkbibnamesuffix.


Package biblatex Warning: \mkbibnamefirst is deprecated, please use \mkbibnameg
iven. Using \mkbibnamegiven.


Package biblatex Warning: \mkbibnamelast is deprecated, please use \mkbibnamefa
mily. Using \mkbibnamefamily.


Package biblatex Warning: \mkbibnameaffix is deprecated, please use \mkbibnames
uffix. Using \mkbibnamesuffix.


Package biblatex Warning: \mkbibnamefirst is deprecated, please use \mkbibnameg
iven. Using \mkbibnamegiven.


Package biblatex Warning: \mkbibnamelast is deprecated, please use \mkbibnamefa
mily. Using \mkbibnamefamily.


Package biblatex Warning: \mkbibnameaffix is deprecated, please use \mkbibnames
uffix. Using \mkbibnamesuffix.


Package biblatex Warning: \mkbibnamefirst is deprecated, please use \mkbibnameg
iven. Using \mkbibnamegiven.


Package biblatex Warning: \mkbibnamelast is deprecated, please use \mkbibnamefa
mily. Using \mkbibnamefamily.


Package biblatex Warning: \mkbibnameaffix is deprecated, please use \mkbibnames
uffix. Using \mkbibnamesuffix.


Package biblatex Warning: \mkbibnamefirst is deprecated, please use \mkbibnameg
iven. Using \mkbibnamegiven.


Package biblatex Warning: \mkbibnamelast is deprecated, please use \mkbibnamefa
mily. Using \mkbibnamefamily.


Package biblatex Warning: \mkbibnameaffix is deprecated, please use \mkbibnames
uffix. Using \mkbibnamesuffix.


Package biblatex Warning: \mkbibnamefirst is deprecated, please use \mkbibnameg
iven. Using \mkbibnamegiven.


Package biblatex Warning: \mkbibnamelast is deprecated, please use \mkbibnamefa
mily. Using \mkbibnamefamily.


Package biblatex Warning: \mkbibnameaffix is deprecated, please use \mkbibnames
uffix. Using \mkbibnamesuffix.


Package biblatex Warning: \mkbibnamefirst is deprecated, please use \mkbibnameg
iven. Using \mkbibnamegiven.


Package biblatex Warning: \mkbibnamelast is deprecated, please use \mkbibnamefa
mily. Using \mkbibnamefamily.


Package biblatex Warning: \mkbibnameaffix is deprecated, please use \mkbibnames
uffix. Using \mkbibnamesuffix.


Package biblatex Warning: \mkbibnamefirst is deprecated, please use \mkbibnameg
iven. Using \mkbibnamegiven.


Package biblatex Warning: \mkbibnamelast is deprecated, please use \mkbibnamefa
mily. Using \mkbibnamefamily.


Package biblatex Warning: \mkbibnameaffix is deprecated, please use \mkbibnames
uffix. Using \mkbibnamesuffix.


Package biblatex Warning: \mkbibnamefirst is deprecated, please use \mkbibnameg
iven. Using \mkbibnamegiven.


Package biblatex Warning: \mkbibnamelast is deprecated, please use \mkbibnamefa
mily. Using \mkbibnamefamily.


Package biblatex Warning: \mkbibnameaffix is deprecated, please use \mkbibnames
uffix. Using \mkbibnamesuffix.


Package biblatex Warning: \mkbibnamefirst is deprecated, please use \mkbibnameg
iven. Using \mkbibnamegiven.


Package biblatex Warning: \mkbibnamelast is deprecated, please use \mkbibnamefa
mily. Using \mkbibnamefamily.


Package biblatex Warning: \mkbibnameaffix is deprecated, please use \mkbibnames
uffix. Using \mkbibnamesuffix.


Package biblatex Warning: \mkbibnamefirst is deprecated, please use \mkbibnameg
iven. Using \mkbibnamegiven.


Package biblatex Warning: \mkbibnamelast is deprecated, please use \mkbibnamefa
mily. Using \mkbibnamefamily.


Package biblatex Warning: \mkbibnameaffix is deprecated, please use \mkbibnames
uffix. Using \mkbibnamesuffix.


Package biblatex Warning: \mkbibnamefirst is deprecated, please use \mkbibnameg
iven. Using \mkbibnamegiven.


Package biblatex Warning: \mkbibnamelast is deprecated, please use \mkbibnamefa
mily. Using \mkbibnamefamily.


Package biblatex Warning: \mkbibnameaffix is deprecated, please use \mkbibnames
uffix. Using \mkbibnamesuffix.


Package biblatex Warning: \mkbibnamefirst is deprecated, please use \mkbibnameg
iven. Using \mkbibnamegiven.


Package biblatex Warning: \mkbibnamelast is deprecated, please use \mkbibnamefa
mily. Using \mkbibnamefamily.


Package biblatex Warning: \mkbibnameaffix is deprecated, please use \mkbibnames
uffix. Using \mkbibnamesuffix.


Package biblatex Warning: \mkbibnamefirst is deprecated, please use \mkbibnameg
iven. Using \mkbibnamegiven.


Package biblatex Warning: \mkbibnamelast is deprecated, please use \mkbibnamefa
mily. Using \mkbibnamefamily.


Package biblatex Warning: \mkbibnameaffix is deprecated, please use \mkbibnames
uffix. Using \mkbibnamesuffix.


Package biblatex Warning: \mkbibnamefirst is deprecated, please use \mkbibnameg
iven. Using \mkbibnamegiven.


Package biblatex Warning: \mkbibnamelast is deprecated, please use \mkbibnamefa
mily. Using \mkbibnamefamily.


Package biblatex Warning: \mkbibnameaffix is deprecated, please use \mkbibnames
uffix. Using \mkbibnamesuffix.


Package biblatex Warning: \mkbibnamefirst is deprecated, please use \mkbibnameg
iven. Using \mkbibnamegiven.


Package biblatex Warning: \mkbibnamelast is deprecated, please use \mkbibnamefa
mily. Using \mkbibnamefamily.


Package biblatex Warning: \mkbibnameaffix is deprecated, please use \mkbibnames
uffix. Using \mkbibnamesuffix.


Package biblatex Warning: \mkbibnamefirst is deprecated, please use \mkbibnameg
iven. Using \mkbibnamegiven.


Package biblatex Warning: \mkbibnamelast is deprecated, please use \mkbibnamefa
mily. Using \mkbibnamefamily.


Package biblatex Warning: \mkbibnameaffix is deprecated, please use \mkbibnames
uffix. Using \mkbibnamesuffix.


Package biblatex Warning: \mkbibnamefirst is deprecated, please use \mkbibnameg
iven. Using \mkbibnamegiven.


Package biblatex Warning: \mkbibnamelast is deprecated, please use \mkbibnamefa
mily. Using \mkbibnamefamily.


Package biblatex Warning: \mkbibnameaffix is deprecated, please use \mkbibnames
uffix. Using \mkbibnamesuffix.


Package biblatex Warning: \mkbibnamefirst is deprecated, please use \mkbibnameg
iven. Using \mkbibnamegiven.


Package biblatex Warning: \mkbibnamelast is deprecated, please use \mkbibnamefa
mily. Using \mkbibnamefamily.


Package biblatex Warning: \mkbibnameaffix is deprecated, please use \mkbibnames
uffix. Using \mkbibnamesuffix.


Package biblatex Warning: \mkbibnamefirst is deprecated, please use \mkbibnameg
iven. Using \mkbibnamegiven.


Package biblatex Warning: \mkbibnamelast is deprecated, please use \mkbibnamefa
mily. Using \mkbibnamefamily.


Package biblatex Warning: \mkbibnameaffix is deprecated, please use \mkbibnames
uffix. Using \mkbibnamesuffix.


Package biblatex Warning: \mkbibnamefirst is deprecated, please use \mkbibnameg
iven. Using \mkbibnamegiven.


Package biblatex Warning: \mkbibnamelast is deprecated, please use \mkbibnamefa
mily. Using \mkbibnamefamily.


Package biblatex Warning: \mkbibnameaffix is deprecated, please use \mkbibnames
uffix. Using \mkbibnamesuffix.


Package biblatex Warning: \mkbibnamefirst is deprecated, please use \mkbibnameg
iven. Using \mkbibnamegiven.


Package biblatex Warning: \mkbibnamelast is deprecated, please use \mkbibnamefa
mily. Using \mkbibnamefamily.


Package biblatex Warning: \mkbibnameaffix is deprecated, please use \mkbibnames
uffix. Using \mkbibnamesuffix.


Package biblatex Warning: \mkbibnamefirst is deprecated, please use \mkbibnameg
iven. Using \mkbibnamegiven.


Package biblatex Warning: \mkbibnamelast is deprecated, please use \mkbibnamefa
mily. Using \mkbibnamefamily.


Package biblatex Warning: \mkbibnameaffix is deprecated, please use \mkbibnames
uffix. Using \mkbibnamesuffix.


Package biblatex Warning: \mkbibnamefirst is deprecated, please use \mkbibnameg
iven. Using \mkbibnamegiven.


Package biblatex Warning: \mkbibnamelast is deprecated, please use \mkbibnamefa
mily. Using \mkbibnamefamily.


Package biblatex Warning: \mkbibnameaffix is deprecated, please use \mkbibnames
uffix. Using \mkbibnamesuffix.


Package biblatex Warning: \mkbibnamefirst is deprecated, please use \mkbibnameg
iven. Using \mkbibnamegiven.


Package biblatex Warning: \mkbibnamelast is deprecated, please use \mkbibnamefa
mily. Using \mkbibnamefamily.


Package biblatex Warning: \mkbibnameaffix is deprecated, please use \mkbibnames
uffix. Using \mkbibnamesuffix.


Package biblatex Warning: \mkbibnamefirst is deprecated, please use \mkbibnameg
iven. Using \mkbibnamegiven.


Package biblatex Warning: \mkbibnamelast is deprecated, please use \mkbibnamefa
mily. Using \mkbibnamefamily.


Package biblatex Warning: \mkbibnameaffix is deprecated, please use \mkbibnames
uffix. Using \mkbibnamesuffix.


Package biblatex Warning: \mkbibnamefirst is deprecated, please use \mkbibnameg
iven. Using \mkbibnamegiven.


Package biblatex Warning: \mkbibnamelast is deprecated, please use \mkbibnamefa
mily. Using \mkbibnamefamily.


Package biblatex Warning: \mkbibnameaffix is deprecated, please use \mkbibnames
uffix. Using \mkbibnamesuffix.


Package biblatex Warning: \mkbibnamefirst is deprecated, please use \mkbibnameg
iven. Using \mkbibnamegiven.


Package biblatex Warning: \mkbibnamelast is deprecated, please use \mkbibnamefa
mily. Using \mkbibnamefamily.


Package biblatex Warning: \mkbibnameaffix is deprecated, please use \mkbibnames
uffix. Using \mkbibnamesuffix.


Package biblatex Warning: \mkbibnamefirst is deprecated, please use \mkbibnameg
iven. Using \mkbibnamegiven.


Package biblatex Warning: \mkbibnamelast is deprecated, please use \mkbibnamefa
mily. Using \mkbibnamefamily.


Package biblatex Warning: \mkbibnameaffix is deprecated, please use \mkbibnames
uffix. Using \mkbibnamesuffix.


Package biblatex Warning: \mkbibnamefirst is deprecated, please use \mkbibnameg
iven. Using \mkbibnamegiven.


Package biblatex Warning: \mkbibnamelast is deprecated, please use \mkbibnamefa
mily. Using \mkbibnamefamily.


Package biblatex Warning: \mkbibnameaffix is deprecated, please use \mkbibnames
uffix. Using \mkbibnamesuffix.


Package biblatex Warning: \mkbibnamefirst is deprecated, please use \mkbibnameg
iven. Using \mkbibnamegiven.


Package biblatex Warning: \mkbibnamelast is deprecated, please use \mkbibnamefa
mily. Using \mkbibnamefamily.


Package biblatex Warning: \mkbibnameaffix is deprecated, please use \mkbibnames
uffix. Using \mkbibnamesuffix.


Package biblatex Warning: \mkbibnamefirst is deprecated, please use \mkbibnameg
iven. Using \mkbibnamegiven.


Package biblatex Warning: \mkbibnamelast is deprecated, please use \mkbibnamefa
mily. Using \mkbibnamefamily.


Package biblatex Warning: \mkbibnameaffix is deprecated, please use \mkbibnames
uffix. Using \mkbibnamesuffix.


Package biblatex Warning: \mkbibnamefirst is deprecated, please use \mkbibnameg
iven. Using \mkbibnamegiven.


Package biblatex Warning: \mkbibnamelast is deprecated, please use \mkbibnamefa
mily. Using \mkbibnamefamily.


Package biblatex Warning: \mkbibnameaffix is deprecated, please use \mkbibnames
uffix. Using \mkbibnamesuffix.


Package biblatex Warning: \mkbibnamefirst is deprecated, please use \mkbibnameg
iven. Using \mkbibnamegiven.


Package biblatex Warning: \mkbibnamelast is deprecated, please use \mkbibnamefa
mily. Using \mkbibnamefamily.


Package biblatex Warning: \mkbibnameaffix is deprecated, please use \mkbibnames
uffix. Using \mkbibnamesuffix.


Package biblatex Warning: \mkbibnamefirst is deprecated, please use \mkbibnameg
iven. Using \mkbibnamegiven.


Package biblatex Warning: \mkbibnamelast is deprecated, please use \mkbibnamefa
mily. Using \mkbibnamefamily.


Package biblatex Warning: \mkbibnameaffix is deprecated, please use \mkbibnames
uffix. Using \mkbibnamesuffix.


Package biblatex Warning: \mkbibnamefirst is deprecated, please use \mkbibnameg
iven. Using \mkbibnamegiven.


Package biblatex Warning: \mkbibnamelast is deprecated, please use \mkbibnamefa
mily. Using \mkbibnamefamily.


Package biblatex Warning: \mkbibnameaffix is deprecated, please use \mkbibnames
uffix. Using \mkbibnamesuffix.


Package biblatex Warning: \mkbibnamefirst is deprecated, please use \mkbibnameg
iven. Using \mkbibnamegiven.


Package biblatex Warning: \mkbibnamelast is deprecated, please use \mkbibnamefa
mily. Using \mkbibnamefamily.


Package biblatex Warning: \mkbibnameaffix is deprecated, please use \mkbibnames
uffix. Using \mkbibnamesuffix.

[3]

Package biblatex Warning: \mkbibnamefirst is deprecated, please use \mkbibnameg
iven. Using \mkbibnamegiven.


Package biblatex Warning: \mkbibnamelast is deprecated, please use \mkbibnamefa
mily. Using \mkbibnamefamily.


Package biblatex Warning: \mkbibnameaffix is deprecated, please use \mkbibnames
uffix. Using \mkbibnamesuffix.


Package biblatex Warning: \mkbibnamefirst is deprecated, please use \mkbibnameg
iven. Using \mkbibnamegiven.


Package biblatex Warning: \mkbibnamelast is deprecated, please use \mkbibnamefa
mily. Using \mkbibnamefamily.


Package biblatex Warning: \mkbibnameaffix is deprecated, please use \mkbibnames
uffix. Using \mkbibnamesuffix.


Package biblatex Warning: \mkbibnamefirst is deprecated, please use \mkbibnameg
iven. Using \mkbibnamegiven.


Package biblatex Warning: \mkbibnamelast is deprecated, please use \mkbibnamefa
mily. Using \mkbibnamefamily.


Package biblatex Warning: \mkbibnameaffix is deprecated, please use \mkbibnames
uffix. Using \mkbibnamesuffix.


Package biblatex Warning: \mkbibnamefirst is deprecated, please use \mkbibnameg
iven. Using \mkbibnamegiven.


Package biblatex Warning: \mkbibnamelast is deprecated, please use \mkbibnamefa
mily. Using \mkbibnamefamily.


Package biblatex Warning: \mkbibnameaffix is deprecated, please use \mkbibnames
uffix. Using \mkbibnamesuffix.


Package biblatex Warning: \mkbibnamefirst is deprecated, please use \mkbibnameg
iven. Using \mkbibnamegiven.


Package biblatex Warning: \mkbibnamelast is deprecated, please use \mkbibnamefa
mily. Using \mkbibnamefamily.


Package biblatex Warning: \mkbibnameaffix is deprecated, please use \mkbibnames
uffix. Using \mkbibnamesuffix.


Package biblatex Warning: \mkbibnamefirst is deprecated, please use \mkbibnameg
iven. Using \mkbibnamegiven.


Package biblatex Warning: \mkbibnamelast is deprecated, please use \mkbibnamefa
mily. Using \mkbibnamefamily.


Package biblatex Warning: \mkbibnameaffix is deprecated, please use \mkbibnames
uffix. Using \mkbibnamesuffix.


Package biblatex Warning: \mkbibnamefirst is deprecated, please use \mkbibnameg
iven. Using \mkbibnamegiven.


Package biblatex Warning: \mkbibnamelast is deprecated, please use \mkbibnamefa
mily. Using \mkbibnamefamily.


Package biblatex Warning: \mkbibnameaffix is deprecated, please use \mkbibnames
uffix. Using \mkbibnamesuffix.


Package biblatex Warning: \mkbibnamefirst is deprecated, please use \mkbibnameg
iven. Using \mkbibnamegiven.


Package biblatex Warning: \mkbibnamelast is deprecated, please use \mkbibnamefa
mily. Using \mkbibnamefamily.


Package biblatex Warning: \mkbibnameaffix is deprecated, please use \mkbibnames
uffix. Using \mkbibnamesuffix.


Package biblatex Warning: \mkbibnamefirst is deprecated, please use \mkbibnameg
iven. Using \mkbibnamegiven.


Package biblatex Warning: \mkbibnamelast is deprecated, please use \mkbibnamefa
mily. Using \mkbibnamefamily.


Package biblatex Warning: \mkbibnameaffix is deprecated, please use \mkbibnames
uffix. Using \mkbibnamesuffix.


Package biblatex Warning: \mkbibnamefirst is deprecated, please use \mkbibnameg
iven. Using \mkbibnamegiven.


Package biblatex Warning: \mkbibnamelast is deprecated, please use \mkbibnamefa
mily. Using \mkbibnamefamily.


Package biblatex Warning: \mkbibnameaffix is deprecated, please use \mkbibnames
uffix. Using \mkbibnamesuffix.


Package biblatex Warning: \mkbibnamefirst is deprecated, please use \mkbibnameg
iven. Using \mkbibnamegiven.


Package biblatex Warning: \mkbibnamelast is deprecated, please use \mkbibnamefa
mily. Using \mkbibnamefamily.


Package biblatex Warning: \mkbibnameaffix is deprecated, please use \mkbibnames
uffix. Using \mkbibnamesuffix.


Package biblatex Warning: \mkbibnamefirst is deprecated, please use \mkbibnameg
iven. Using \mkbibnamegiven.


Package biblatex Warning: \mkbibnamelast is deprecated, please use \mkbibnamefa
mily. Using \mkbibnamefamily.


Package biblatex Warning: \mkbibnameaffix is deprecated, please use \mkbibnames
uffix. Using \mkbibnamesuffix.


Package biblatex Warning: \mkbibnamefirst is deprecated, please use \mkbibnameg
iven. Using \mkbibnamegiven.


Package biblatex Warning: \mkbibnamelast is deprecated, please use \mkbibnamefa
mily. Using \mkbibnamefamily.


Package biblatex Warning: \mkbibnameaffix is deprecated, please use \mkbibnames
uffix. Using \mkbibnamesuffix.


Package biblatex Warning: \mkbibnamefirst is deprecated, please use \mkbibnameg
iven. Using \mkbibnamegiven.


Package biblatex Warning: \mkbibnamelast is deprecated, please use \mkbibnamefa
mily. Using \mkbibnamefamily.


Package biblatex Warning: \mkbibnameaffix is deprecated, please use \mkbibnames
uffix. Using \mkbibnamesuffix.


Package biblatex Warning: \mkbibnamefirst is deprecated, please use \mkbibnameg
iven. Using \mkbibnamegiven.


Package biblatex Warning: \mkbibnamelast is deprecated, please use \mkbibnamefa
mily. Using \mkbibnamefamily.


Package biblatex Warning: \mkbibnameaffix is deprecated, please use \mkbibnames
uffix. Using \mkbibnamesuffix.


Package biblatex Warning: \mkbibnamefirst is deprecated, please use \mkbibnameg
iven. Using \mkbibnamegiven.


Package biblatex Warning: \mkbibnamelast is deprecated, please use \mkbibnamefa
mily. Using \mkbibnamefamily.


Package biblatex Warning: \mkbibnameaffix is deprecated, please use \mkbibnames
uffix. Using \mkbibnamesuffix.


Package biblatex Warning: \mkbibnamefirst is deprecated, please use \mkbibnameg
iven. Using \mkbibnamegiven.


Package biblatex Warning: \mkbibnamelast is deprecated, please use \mkbibnamefa
mily. Using \mkbibnamefamily.


Package biblatex Warning: \mkbibnameaffix is deprecated, please use \mkbibnames
uffix. Using \mkbibnamesuffix.


Package biblatex Warning: \mkbibnamefirst is deprecated, please use \mkbibnameg
iven. Using \mkbibnamegiven.


Package biblatex Warning: \mkbibnamelast is deprecated, please use \mkbibnamefa
mily. Using \mkbibnamefamily.


Package biblatex Warning: \mkbibnameaffix is deprecated, please use \mkbibnames
uffix. Using \mkbibnamesuffix.


Package biblatex Warning: \mkbibnamefirst is deprecated, please use \mkbibnameg
iven. Using \mkbibnamegiven.


Package biblatex Warning: \mkbibnamelast is deprecated, please use \mkbibnamefa
mily. Using \mkbibnamefamily.


Package biblatex Warning: \mkbibnameaffix is deprecated, please use \mkbibnames
uffix. Using \mkbibnamesuffix.


Package biblatex Warning: \mkbibnamefirst is deprecated, please use \mkbibnameg
iven. Using \mkbibnamegiven.


Package biblatex Warning: \mkbibnamelast is deprecated, please use \mkbibnamefa
mily. Using \mkbibnamefamily.


Package biblatex Warning: \mkbibnameaffix is deprecated, please use \mkbibnames
uffix. Using \mkbibnamesuffix.


Package biblatex Warning: \mkbibnamefirst is deprecated, please use \mkbibnameg
iven. Using \mkbibnamegiven.


Package biblatex Warning: \mkbibnamelast is deprecated, please use \mkbibnamefa
mily. Using \mkbibnamefamily.


Package biblatex Warning: \mkbibnameaffix is deprecated, please use \mkbibnames
uffix. Using \mkbibnamesuffix.


Package biblatex Warning: \mkbibnamefirst is deprecated, please use \mkbibnameg
iven. Using \mkbibnamegiven.


Package biblatex Warning: \mkbibnamelast is deprecated, please use \mkbibnamefa
mily. Using \mkbibnamefamily.


Package biblatex Warning: \mkbibnameaffix is deprecated, please use \mkbibnames
uffix. Using \mkbibnamesuffix.


Package biblatex Warning: \mkbibnamefirst is deprecated, please use \mkbibnameg
iven. Using \mkbibnamegiven.


Package biblatex Warning: \mkbibnamelast is deprecated, please use \mkbibnamefa
mily. Using \mkbibnamefamily.


Package biblatex Warning: \mkbibnameaffix is deprecated, please use \mkbibnames
uffix. Using \mkbibnamesuffix.


Package biblatex Warning: \mkbibnamefirst is deprecated, please use \mkbibnameg
iven. Using \mkbibnamegiven.


Package biblatex Warning: \mkbibnamelast is deprecated, please use \mkbibnamefa
mily. Using \mkbibnamefamily.


Package biblatex Warning: \mkbibnameaffix is deprecated, please use \mkbibnames
uffix. Using \mkbibnamesuffix.


Package biblatex Warning: \mkbibnamefirst is deprecated, please use \mkbibnameg
iven. Using \mkbibnamegiven.


Package biblatex Warning: \mkbibnamelast is deprecated, please use \mkbibnamefa
mily. Using \mkbibnamefamily.


Package biblatex Warning: \mkbibnameaffix is deprecated, please use \mkbibnames
uffix. Using \mkbibnamesuffix.


Package biblatex Warning: \mkbibnamefirst is deprecated, please use \mkbibnameg
iven. Using \mkbibnamegiven.


Package biblatex Warning: \mkbibnamelast is deprecated, please use \mkbibnamefa
mily. Using \mkbibnamefamily.


Package biblatex Warning: \mkbibnameaffix is deprecated, please use \mkbibnames
uffix. Using \mkbibnamesuffix.


Package biblatex Warning: \mkbibnamefirst is deprecated, please use \mkbibnameg
iven. Using \mkbibnamegiven.


Package biblatex Warning: \mkbibnamelast is deprecated, please use \mkbibnamefa
mily. Using \mkbibnamefamily.


Package biblatex Warning: \mkbibnameaffix is deprecated, please use \mkbibnames
uffix. Using \mkbibnamesuffix.


Package biblatex Warning: \mkbibnamefirst is deprecated, please use \mkbibnameg
iven. Using \mkbibnamegiven.


Package biblatex Warning: \mkbibnamelast is deprecated, please use \mkbibnamefa
mily. Using \mkbibnamefamily.


Package biblatex Warning: \mkbibnameaffix is deprecated, please use \mkbibnames
uffix. Using \mkbibnamesuffix.


Package biblatex Warning: \mkbibnamefirst is deprecated, please use \mkbibnameg
iven. Using \mkbibnamegiven.


Package biblatex Warning: \mkbibnamelast is deprecated, please use \mkbibnamefa
mily. Using \mkbibnamefamily.


Package biblatex Warning: \mkbibnameaffix is deprecated, please use \mkbibnames
uffix. Using \mkbibnamesuffix.


Package biblatex Warning: \mkbibnamefirst is deprecated, please use \mkbibnameg
iven. Using \mkbibnamegiven.


Package biblatex Warning: \mkbibnamelast is deprecated, please use \mkbibnamefa
mily. Using \mkbibnamefamily.


Package biblatex Warning: \mkbibnameaffix is deprecated, please use \mkbibnames
uffix. Using \mkbibnamesuffix.


Package biblatex Warning: \mkbibnamefirst is deprecated, please use \mkbibnameg
iven. Using \mkbibnamegiven.


Package biblatex Warning: \mkbibnamelast is deprecated, please use \mkbibnamefa
mily. Using \mkbibnamefamily.


Package biblatex Warning: \mkbibnameaffix is deprecated, please use \mkbibnames
uffix. Using \mkbibnamesuffix.


Package biblatex Warning: \mkbibnamefirst is deprecated, please use \mkbibnameg
iven. Using \mkbibnamegiven.


Package biblatex Warning: \mkbibnamelast is deprecated, please use \mkbibnamefa
mily. Using \mkbibnamefamily.


Package biblatex Warning: \mkbibnameaffix is deprecated, please use \mkbibnames
uffix. Using \mkbibnamesuffix.


Package biblatex Warning: \mkbibnamefirst is deprecated, please use \mkbibnameg
iven. Using \mkbibnamegiven.


Package biblatex Warning: \mkbibnamelast is deprecated, please use \mkbibnamefa
mily. Using \mkbibnamefamily.


Package biblatex Warning: \mkbibnameaffix is deprecated, please use \mkbibnames
uffix. Using \mkbibnamesuffix.


Package biblatex Warning: \mkbibnamefirst is deprecated, please use \mkbibnameg
iven. Using \mkbibnamegiven.


Package biblatex Warning: \mkbibnamelast is deprecated, please use \mkbibnamefa
mily. Using \mkbibnamefamily.


Package biblatex Warning: \mkbibnameaffix is deprecated, please use \mkbibnames
uffix. Using \mkbibnamesuffix.


Package biblatex Warning: \mkbibnamefirst is deprecated, please use \mkbibnameg
iven. Using \mkbibnamegiven.


Package biblatex Warning: \mkbibnamelast is deprecated, please use \mkbibnamefa
mily. Using \mkbibnamefamily.


Package biblatex Warning: \mkbibnameaffix is deprecated, please use \mkbibnames
uffix. Using \mkbibnamesuffix.


Package biblatex Warning: \mkbibnamefirst is deprecated, please use \mkbibnameg
iven. Using \mkbibnamegiven.


Package biblatex Warning: \mkbibnamelast is deprecated, please use \mkbibnamefa
mily. Using \mkbibnamefamily.


Package biblatex Warning: \mkbibnameaffix is deprecated, please use \mkbibnames
uffix. Using \mkbibnamesuffix.


Package biblatex Warning: \mkbibnamefirst is deprecated, please use \mkbibnameg
iven. Using \mkbibnamegiven.


Package biblatex Warning: \mkbibnamelast is deprecated, please use \mkbibnamefa
mily. Using \mkbibnamefamily.


Package biblatex Warning: \mkbibnameaffix is deprecated, please use \mkbibnames
uffix. Using \mkbibnamesuffix.


Package biblatex Warning: \mkbibnamefirst is deprecated, please use \mkbibnameg
iven. Using \mkbibnamegiven.


Package biblatex Warning: \mkbibnamelast is deprecated, please use \mkbibnamefa
mily. Using \mkbibnamefamily.


Package biblatex Warning: \mkbibnameaffix is deprecated, please use \mkbibnames
uffix. Using \mkbibnamesuffix.


Package biblatex Warning: \mkbibnamefirst is deprecated, please use \mkbibnameg
iven. Using \mkbibnamegiven.


Package biblatex Warning: \mkbibnamelast is deprecated, please use \mkbibnamefa
mily. Using \mkbibnamefamily.


Package biblatex Warning: \mkbibnameaffix is deprecated, please use \mkbibnames
uffix. Using \mkbibnamesuffix.


Package biblatex Warning: \mkbibnamefirst is deprecated, please use \mkbibnameg
iven. Using \mkbibnamegiven.


Package biblatex Warning: \mkbibnamelast is deprecated, please use \mkbibnamefa
mily. Using \mkbibnamefamily.


Package biblatex Warning: \mkbibnameaffix is deprecated, please use \mkbibnames
uffix. Using \mkbibnamesuffix.

Package biblatex Info: Reference section=0 on input line 124.
Package atveryend Info: Empty hook `BeforeClearDocument' on input line 132.
[4]
Package atveryend Info: Empty hook `AfterLastShipout' on input line 132.
 (./cv.aux)
Package atveryend Info: Executing hook `AtVeryEndDocument' on input line 132.
Package atveryend Info: Executing hook `AtEndAfterFileList' on input line 132.
Package rerunfilecheck Info: File `cv.out' has not changed.
(rerunfilecheck)             Checksum: D41D8CD98F00B204E9800998ECF8427E;0.


LaTeX Warning: There were undefined references.


Package biblatex Warning: Please rerun LaTeX.

Package logreq Info: Writing requests to 'cv.run.xml'.
\openout1 = `cv.run.xml'.

 ) 
Here is how much of TeX's memory you used:
 13233 strings out of 493014
 228768 string characters out of 6133351
 733861 words of memory out of 5000000
 16591 multiletter control sequences out of 15000+600000
 34738 words of font info for 90 fonts, out of 8000000 for 9000
 1141 hyphenation exceptions out of 8191
 45i,9n,51p,8494b,1127s stack positions out of 5000i,500n,10000p,200000b,80000s
{/usr/local/texlive/2016/texmf-dist/fonts/enc/dvips/base/8r.enc}</usr/local/t
exlive/2016/texmf-dist/fonts/type1/public/amsfonts/cm/cmssbx10.pfb></usr/local/
texlive/2016/texmf-dist/fonts/type1/public/amsfonts/cm/cmsy10.pfb></usr/local/t
exlive/2016/texmf-dist/fonts/type1/public/amsfonts/cm/cmtt10.pfb></usr/local/te
xlive/2016/texmf-dist/fonts/type1/urw/palatino/uplb8a.pfb></usr/local/texlive/2
016/texmf-dist/fonts/type1/urw/palatino/uplr8a.pfb></usr/local/texlive/2016/tex
mf-dist/fonts/type1/urw/palatino/uplri8a.pfb>
Output written on cv.pdf (4 pages, 95316 bytes).
PDF statistics:
 146 PDF objects out of 1000 (max. 8388607)
 132 compressed objects within 2 object streams
 45 named destinations out of 1000 (max. 500000)
 1 words of extra memory for PDF output out of 10000 (max. 10000000)

